#
# There is insufficient memory for the Java Runtime Environment to continue.
# Native memory allocation (mmap) failed to map 217055232 bytes for G1 virtual space
# Possible reasons:
#   The system is out of physical RAM or swap space
#   The process is running with CompressedOops enabled, and the Java Heap may be blocking the growth of the native heap
# Possible solutions:
#   Reduce memory load on the system
#   Increase physical memory or swap space
#   Check if swap backing store is full
#   Decrease Java heap size (-Xmx/-Xms)
#   Decrease number of Java threads
#   Decrease Java thread stack sizes (-Xss)
#   Set larger code cache with -XX:ReservedCodeCacheSize=
#   JVM is running with Unscaled Compressed Oops mode in which the Java heap is
#     placed in the first 4GB address space. The Java Heap base address is the
#     maximum limit for the native heap growth. Please use -XX:HeapBaseMinAddress
#     to set the Java Heap base and to place the Java Heap above 4GB virtual address.
# This output file may be truncated or incomplete.
#
#  Out of Memory Error (os_windows.cpp:3541), pid=28064, tid=6872
#
# JRE version: OpenJDK Runtime Environment Temurin-17.0.4+8 (17.0.4+8) (build 17.0.4+8)
# Java VM: OpenJDK 64-Bit Server VM Temurin-17.0.4+8 (17.0.4+8, mixed mode, emulated-client, tiered, compressed oops, compressed class ptrs, g1 gc, windows-amd64)
# No core dump will be written. Minidumps are not enabled by default on client versions of Windows
#

---------------  S U M M A R Y ------------

Command Line: -Dsts.lsp.client=vscode -Dsts.log.file=/dev/null -XX:TieredStopAtLevel=1 -Xlog:jni+resolve=off -Dspring.config.location=file:c:\Users\57320\.vscode\extensions\pivotal.vscode-spring-boot-1.39.0\language-server\BOOT-INF\classes\application.properties org.springframework.ide.vscode.boot.app.BootLanguageServerBootApp

Host: Intel(R) Core(TM) i5-1035G4 CPU @ 1.10GHz, 8 cores, 3G,  Windows 10 , 64 bit Build 19041 (10.0.19041.1889)
Time: Wed Sep 28 15:40:53 2022 Hora est. Pacífico, Sudamérica elapsed time: 14.949392 seconds (0d 0h 0m 14s)

---------------  T H R E A D  ---------------

Current thread (0x000001cb770be6d0):  VMThread "VM Thread" [stack: 0x0000007815a00000,0x0000007815b00000] [id=6872]

Stack: [0x0000007815a00000,0x0000007815b00000]
Native frames: (J=compiled Java code, j=interpreted, Vv=VM code, C=native code)
V  [jvm.dll+0x67733a]
V  [jvm.dll+0x8323c4]
V  [jvm.dll+0x833b6e]
V  [jvm.dll+0x8341d3]
V  [jvm.dll+0x2455e5]
V  [jvm.dll+0x674229]
V  [jvm.dll+0x668ab2]
V  [jvm.dll+0x30458b]
V  [jvm.dll+0x30bad6]
V  [jvm.dll+0x35ba7e]
V  [jvm.dll+0x35bcaf]
V  [jvm.dll+0x2db428]
V  [jvm.dll+0x2d96dc]
V  [jvm.dll+0x2d8cac]
V  [jvm.dll+0x31cc0b]
V  [jvm.dll+0x83867b]
V  [jvm.dll+0x8393b4]
V  [jvm.dll+0x8398cc]
V  [jvm.dll+0x839ca4]
V  [jvm.dll+0x839d70]
V  [jvm.dll+0x7e245a]
V  [jvm.dll+0x6761c5]
C  [ucrtbase.dll+0x21bb2]
C  [KERNEL32.DLL+0x17034]
C  [ntdll.dll+0x526a1]

VM_Operation (0x0000007817afdec0): G1CollectForAllocation, mode: safepoint, requested by thread 0x000001cb028b6d50


---------------  P R O C E S S  ---------------

Threads class SMR info:
_java_thread_list=0x000001cb0624b6d0, length=33, elements={
0x000001cb7fb67740, 0x000001cb7fb68570, 0x000001cb7fba1130, 0x000001cb7fba4c00,
0x000001cb7fba55b0, 0x000001cb7fba7f70, 0x000001cb7fba89d0, 0x000001cb7fba93c0,
0x000001cb029c1eb0, 0x000001cb029ec930, 0x000001cb040f1810, 0x000001cb028eb9b0,
0x000001cb04363070, 0x000001cb04472f20, 0x000001cb04575020, 0x000001cb04576a30,
0x000001cb04577cc0, 0x000001cb028b7220, 0x000001cb028b5070, 0x000001cb028b76f0,
0x000001cb028b6880, 0x000001cb028b5ee0, 0x000001cb028b6d50, 0x000001cb028b8090,
0x000001cb028b5a10, 0x000001cb028b7bc0, 0x000001cb028b8560, 0x000001cb028b63b0,
0x000001cb028b8a30, 0x000001cb028b5540, 0x000001cb06308090, 0x000001cb0630dc00,
0x000001cb0630d730
}

Java Threads: ( => current thread )
  0x000001cb7fb67740 JavaThread "Reference Handler" daemon [_thread_blocked, id=26912, stack(0x0000007815b00000,0x0000007815c00000)]
  0x000001cb7fb68570 JavaThread "Finalizer" daemon [_thread_blocked, id=37936, stack(0x0000007815c00000,0x0000007815d00000)]
  0x000001cb7fba1130 JavaThread "Signal Dispatcher" daemon [_thread_blocked, id=17040, stack(0x0000007815d00000,0x0000007815e00000)]
  0x000001cb7fba4c00 JavaThread "Attach Listener" daemon [_thread_blocked, id=28072, stack(0x0000007815e00000,0x0000007815f00000)]
  0x000001cb7fba55b0 JavaThread "Service Thread" daemon [_thread_blocked, id=34068, stack(0x0000007815f00000,0x0000007816000000)]
  0x000001cb7fba7f70 JavaThread "Monitor Deflation Thread" daemon [_thread_blocked, id=27456, stack(0x0000007816000000,0x0000007816100000)]
  0x000001cb7fba89d0 JavaThread "C1 CompilerThread0" daemon [_thread_blocked, id=7788, stack(0x0000007816100000,0x0000007816200000)]
  0x000001cb7fba93c0 JavaThread "Sweeper thread" daemon [_thread_blocked, id=32624, stack(0x0000007816200000,0x0000007816300000)]
  0x000001cb029c1eb0 JavaThread "Notification Thread" daemon [_thread_blocked, id=37892, stack(0x0000007816300000,0x0000007816400000)]
  0x000001cb029ec930 JavaThread "Common-Cleaner" daemon [_thread_blocked, id=23060, stack(0x0000007816500000,0x0000007816600000)]
  0x000001cb040f1810 JavaThread "boundedElastic-evictor-1" daemon [_thread_blocked, id=32800, stack(0x0000007816d00000,0x0000007816e00000)]
  0x000001cb028eb9b0 JavaThread "ForkJoinPool.commonPool-worker-1" daemon [_thread_blocked, id=20348, stack(0x0000007816f00000,0x0000007817000000)]
  0x000001cb04363070 JavaThread "ClassGraph-worker-0" daemon [_thread_blocked, id=34992, stack(0x0000007817000000,0x0000007817100000)]
  0x000001cb04472f20 JavaThread "ClassGraph-worker-1" daemon [_thread_blocked, id=488, stack(0x0000007817100000,0x0000007817200000)]
  0x000001cb04575020 JavaThread "ClassGraph-worker-2" daemon [_thread_blocked, id=14032, stack(0x0000007817200000,0x0000007817300000)]
  0x000001cb04576a30 JavaThread "ClassGraph-worker-3" daemon [_thread_blocked, id=23672, stack(0x0000007817300000,0x0000007817400000)]
  0x000001cb04577cc0 JavaThread "ClassGraph-worker-4" daemon [_thread_blocked, id=37728, stack(0x0000007817400000,0x0000007817500000)]
  0x000001cb028b7220 JavaThread "ClassGraph-worker-5" daemon [_thread_blocked, id=5856, stack(0x0000007817500000,0x0000007817600000)]
  0x000001cb028b5070 JavaThread "ClassGraph-worker-6" daemon [_thread_blocked, id=30480, stack(0x0000007817600000,0x0000007817700000)]
  0x000001cb028b76f0 JavaThread "ClassGraph-worker-7" daemon [_thread_blocked, id=16188, stack(0x0000007817700000,0x0000007817800000)]
  0x000001cb028b6880 JavaThread "ClassGraph-worker-8" daemon [_thread_blocked, id=11324, stack(0x0000007817800000,0x0000007817900000)]
  0x000001cb028b5ee0 JavaThread "ClassGraph-worker-9" daemon [_thread_blocked, id=38152, stack(0x0000007817900000,0x0000007817a00000)]
  0x000001cb028b6d50 JavaThread "ClassGraph-worker-10" daemon [_thread_blocked, id=19824, stack(0x0000007817a00000,0x0000007817b00000)]
  0x000001cb028b8090 JavaThread "ClassGraph-worker-11" daemon [_thread_blocked, id=23856, stack(0x0000007817b00000,0x0000007817c00000)]
  0x000001cb028b5a10 JavaThread "ClassGraph-worker-12" daemon [_thread_blocked, id=30240, stack(0x0000007817c00000,0x0000007817d00000)]
  0x000001cb028b7bc0 JavaThread "ClassGraph-worker-13" daemon [_thread_blocked, id=9680, stack(0x0000007817d00000,0x0000007817e00000)]
  0x000001cb028b8560 JavaThread "pool-9-thread-1" [_thread_blocked, id=18452, stack(0x0000007817e00000,0x0000007817f00000)]
  0x000001cb028b63b0 JavaThread "LanguageServerApp-lifecycle" [_thread_blocked, id=16488, stack(0x0000007817f00000,0x0000007818000000)]
  0x000001cb028b8a30 JavaThread "DestroyJavaVM" [_thread_blocked, id=34812, stack(0x0000007815400000,0x0000007815500000)]
  0x000001cb028b5540 JavaThread "pool-10-thread-1" [_thread_in_native, id=22048, stack(0x0000007818000000,0x0000007818100000)]
  0x000001cb06308090 JavaThread "Simple-Language-Server main thread" daemon [_thread_blocked, id=4720, stack(0x0000007818300000,0x0000007818400000)]
  0x000001cb0630dc00 JavaThread "parallel-1" daemon [_thread_blocked, id=36940, stack(0x0000007818400000,0x0000007818500000)]
  0x000001cb0630d730 JavaThread "Reconciler-1" daemon [_thread_blocked, id=20128, stack(0x0000007818500000,0x0000007818600000)]

Other Threads:
=>0x000001cb770be6d0 VMThread "VM Thread" [stack: 0x0000007815a00000,0x0000007815b00000] [id=6872]
  0x000001cb029e2db0 WatcherThread [stack: 0x0000007816400000,0x0000007816500000] [id=36808]
  0x000001cb77023500 GCTaskThread "GC Thread#0" [stack: 0x0000007815500000,0x0000007815600000] [id=19340]
  0x000001cb0336d9b0 GCTaskThread "GC Thread#1" [stack: 0x0000007816600000,0x0000007816700000] [id=33452]
  0x000001cb033839e0 GCTaskThread "GC Thread#2" [stack: 0x0000007816700000,0x0000007816800000] [id=18892]
  0x000001cb033840a0 GCTaskThread "GC Thread#3" [stack: 0x0000007816800000,0x0000007816900000] [id=17456]
  0x000001cb03384760 GCTaskThread "GC Thread#4" [stack: 0x0000007816900000,0x0000007816a00000] [id=27812]
  0x000001cb03385640 GCTaskThread "GC Thread#5" [stack: 0x0000007816a00000,0x0000007816b00000] [id=13252]
  0x000001cb0338a110 GCTaskThread "GC Thread#6" [stack: 0x0000007816b00000,0x0000007816c00000] [id=36540]
  0x000001cb028cbc50 GCTaskThread "GC Thread#7" [stack: 0x0000007816c00000,0x0000007816d00000] [id=8528]
  0x000001cb7702bc40 ConcurrentGCThread "G1 Main Marker" [stack: 0x0000007815600000,0x0000007815700000] [id=22928]
  0x000001cb7702de00 ConcurrentGCThread "G1 Conc#0" [stack: 0x0000007815700000,0x0000007815800000] [id=17164]
  0x000001cb03e1ed30 ConcurrentGCThread "G1 Conc#1" [stack: 0x0000007816e00000,0x0000007816f00000] [id=32128]
  0x000001cb7707e380 ConcurrentGCThread "G1 Refine#0" [stack: 0x0000007815800000,0x0000007815900000] [id=38248]
  0x000001cb06200e30 ConcurrentGCThread "G1 Refine#1" [stack: 0x0000007818100000,0x0000007818200000] [id=34080]
  0x000001cb047d1850 ConcurrentGCThread "G1 Refine#2" [stack: 0x0000007818200000,0x0000007818300000] [id=26064]
  0x000001cb7707eda0 ConcurrentGCThread "G1 Service" [stack: 0x0000007815900000,0x0000007815a00000] [id=13708]

Threads with active compile tasks:

VM state: at safepoint (normal execution)

VM Mutex/Monitor currently owned by a thread:  ([mutex/lock_event])
[0x000001cb74f4a290] Threads_lock - owner thread: 0x000001cb770be6d0
[0x000001cb76fea0a0] Heap_lock - owner thread: 0x000001cb028b6d50

Heap address: 0x00000000c4000000, size: 960 MB, Compressed Oops mode: 32-bit

CDS archive(s) not mapped
Compressed class space mapped at: 0x0000000100000000-0x0000000140000000, reserved size: 1073741824
Narrow klass base: 0x0000000000000000, Narrow klass shift: 3, Narrow klass range: 0x140000000

GC Precious Log:
 CPUs: 8 total, 8 available
 Memory: 3838M
 Large Page Support: Disabled
 NUMA Support: Disabled
 Compressed Oops: Enabled (32-bit)
 Heap Region Size: 1M
 Heap Min Capacity: 8M
 Heap Initial Capacity: 60M
 Heap Max Capacity: 960M
 Pre-touch: Disabled
 Parallel Workers: 8
 Concurrent Workers: 2
 Concurrent Refinement Workers: 8
 Periodic GC: Disabled

Heap:
 garbage-first heap   total 174080K, used 69237K [0x00000000c4000000, 0x0000000100000000)
  region size 1024K, 4 young (4096K), 4 survivors (4096K)
 Metaspace       used 36063K, committed 36416K, reserved 1081344K
  class space    used 4684K, committed 4864K, reserved 1048576K

Heap Regions: E=young(eden), S=young(survivor), O=old, HS=humongous(starts), HC=humongous(continues), CS=collection set, F=free, OA=open archive, CA=closed archive, TAMS=top-at-mark-start (previous, next)
|   0|0x00000000c4000000, 0x00000000c4100000, 0x00000000c4100000|100%| O|  |TAMS 0x00000000c4100000, 0x00000000c4000000| Untracked 
|   1|0x00000000c4100000, 0x00000000c4200000, 0x00000000c4200000|100%| O|  |TAMS 0x00000000c4200000, 0x00000000c4100000| Untracked 
|   2|0x00000000c4200000, 0x00000000c4300000, 0x00000000c4300000|100%| O|  |TAMS 0x00000000c4300000, 0x00000000c4200000| Untracked 
|   3|0x00000000c4300000, 0x00000000c4400000, 0x00000000c4400000|100%| O|  |TAMS 0x00000000c4400000, 0x00000000c4300000| Untracked 
|   4|0x00000000c4400000, 0x00000000c4500000, 0x00000000c4500000|100%| O|  |TAMS 0x00000000c4500000, 0x00000000c4400000| Untracked 
|   5|0x00000000c4500000, 0x00000000c4600000, 0x00000000c4600000|100%| O|  |TAMS 0x00000000c4600000, 0x00000000c4500000| Untracked 
|   6|0x00000000c4600000, 0x00000000c4700000, 0x00000000c4700000|100%| O|  |TAMS 0x00000000c4700000, 0x00000000c4600000| Untracked 
|   7|0x00000000c4700000, 0x00000000c4800000, 0x00000000c4800000|100%| O|  |TAMS 0x00000000c4800000, 0x00000000c4700000| Untracked 
|   8|0x00000000c4800000, 0x00000000c4900000, 0x00000000c4900000|100%| O|  |TAMS 0x00000000c4900000, 0x00000000c4800000| Untracked 
|   9|0x00000000c4900000, 0x00000000c4a00000, 0x00000000c4a00000|100%| O|  |TAMS 0x00000000c4a00000, 0x00000000c4900000| Untracked 
|  10|0x00000000c4a00000, 0x00000000c4b00000, 0x00000000c4b00000|100%| O|  |TAMS 0x00000000c4a00000, 0x00000000c4a00000| Untracked 
|  11|0x00000000c4b00000, 0x00000000c4c00000, 0x00000000c4c00000|100%| O|  |TAMS 0x00000000c4c00000, 0x00000000c4b00000| Untracked 
|  12|0x00000000c4c00000, 0x00000000c4d00000, 0x00000000c4d00000|100%|HS|  |TAMS 0x00000000c4c00000, 0x00000000c4c00000| Complete 
|  13|0x00000000c4d00000, 0x00000000c4e00000, 0x00000000c4e00000|100%| O|  |TAMS 0x00000000c4e00000, 0x00000000c4d00000| Untracked 
|  14|0x00000000c4e00000, 0x00000000c4f00000, 0x00000000c4f00000|100%| O|  |TAMS 0x00000000c4f00000, 0x00000000c4e00000| Untracked 
|  15|0x00000000c4f00000, 0x00000000c5000000, 0x00000000c5000000|100%| O|  |TAMS 0x00000000c5000000, 0x00000000c4f00000| Untracked 
|  16|0x00000000c5000000, 0x00000000c5100000, 0x00000000c5100000|100%| O|  |TAMS 0x00000000c5100000, 0x00000000c5000000| Untracked 
|  17|0x00000000c5100000, 0x00000000c5200000, 0x00000000c5200000|100%| O|  |TAMS 0x00000000c5200000, 0x00000000c5100000| Untracked 
|  18|0x00000000c5200000, 0x00000000c5300000, 0x00000000c5300000|100%| O|  |TAMS 0x00000000c5300000, 0x00000000c5200000| Untracked 
|  19|0x00000000c5300000, 0x00000000c5400000, 0x00000000c5400000|100%| O|  |TAMS 0x00000000c5400000, 0x00000000c5300000| Untracked 
|  20|0x00000000c5400000, 0x00000000c5500000, 0x00000000c5500000|100%| O|  |TAMS 0x00000000c5500000, 0x00000000c5400000| Untracked 
|  21|0x00000000c5500000, 0x00000000c5600000, 0x00000000c5600000|100%| O|  |TAMS 0x00000000c5600000, 0x00000000c5500000| Untracked 
|  22|0x00000000c5600000, 0x00000000c5700000, 0x00000000c5700000|100%| O|  |TAMS 0x00000000c5700000, 0x00000000c5600000| Untracked 
|  23|0x00000000c5700000, 0x00000000c5800000, 0x00000000c5800000|100%| O|  |TAMS 0x00000000c5800000, 0x00000000c5700000| Untracked 
|  24|0x00000000c5800000, 0x00000000c5900000, 0x00000000c5900000|100%| O|  |TAMS 0x00000000c5900000, 0x00000000c5800000| Untracked 
|  25|0x00000000c5900000, 0x00000000c5a00000, 0x00000000c5a00000|100%| O|  |TAMS 0x00000000c5a00000, 0x00000000c5900000| Untracked 
|  26|0x00000000c5a00000, 0x00000000c5b00000, 0x00000000c5b00000|100%| O|  |TAMS 0x00000000c5b00000, 0x00000000c5a00000| Untracked 
|  27|0x00000000c5b00000, 0x00000000c5c00000, 0x00000000c5c00000|100%| O|  |TAMS 0x00000000c5c00000, 0x00000000c5b00000| Untracked 
|  28|0x00000000c5c00000, 0x00000000c5d00000, 0x00000000c5d00000|100%| O|  |TAMS 0x00000000c5d00000, 0x00000000c5c00000| Untracked 
|  29|0x00000000c5d00000, 0x00000000c5e00000, 0x00000000c5e00000|100%| O|  |TAMS 0x00000000c5e00000, 0x00000000c5d00000| Untracked 
|  30|0x00000000c5e00000, 0x00000000c5f00000, 0x00000000c5f00000|100%| O|  |TAMS 0x00000000c5ec9c00, 0x00000000c5e00000| Untracked 
|  31|0x00000000c5f00000, 0x00000000c6000000, 0x00000000c6000000|100%| O|  |TAMS 0x00000000c5f00000, 0x00000000c5f00000| Untracked 
|  32|0x00000000c6000000, 0x00000000c6100000, 0x00000000c6100000|100%| O|  |TAMS 0x00000000c6000000, 0x00000000c6000000| Untracked 
|  33|0x00000000c6100000, 0x00000000c6200000, 0x00000000c6200000|100%| O|  |TAMS 0x00000000c6100000, 0x00000000c6100000| Untracked 
|  34|0x00000000c6200000, 0x00000000c6300000, 0x00000000c6300000|100%| O|  |TAMS 0x00000000c6200000, 0x00000000c6200000| Untracked 
|  35|0x00000000c6300000, 0x00000000c6400000, 0x00000000c6400000|100%| O|  |TAMS 0x00000000c6300000, 0x00000000c6300000| Untracked 
|  36|0x00000000c6400000, 0x00000000c6500000, 0x00000000c6500000|100%| O|  |TAMS 0x00000000c6400000, 0x00000000c6400000| Untracked 
|  37|0x00000000c6500000, 0x00000000c6600000, 0x00000000c6600000|100%| O|  |TAMS 0x00000000c6500000, 0x00000000c6500000| Untracked 
|  38|0x00000000c6600000, 0x00000000c6700000, 0x00000000c6700000|100%| O|  |TAMS 0x00000000c6600000, 0x00000000c6600000| Untracked 
|  39|0x00000000c6700000, 0x00000000c6800000, 0x00000000c6800000|100%| O|  |TAMS 0x00000000c6700000, 0x00000000c6700000| Untracked 
|  40|0x00000000c6800000, 0x00000000c6900000, 0x00000000c6900000|100%| O|  |TAMS 0x00000000c6800000, 0x00000000c6800000| Untracked 
|  41|0x00000000c6900000, 0x00000000c6a00000, 0x00000000c6a00000|100%| O|  |TAMS 0x00000000c6900000, 0x00000000c6900000| Untracked 
|  42|0x00000000c6a00000, 0x00000000c6b00000, 0x00000000c6b00000|100%|HS|  |TAMS 0x00000000c6a00000, 0x00000000c6a00000| Complete 
|  43|0x00000000c6b00000, 0x00000000c6c00000, 0x00000000c6c00000|100%| O|  |TAMS 0x00000000c6b00000, 0x00000000c6b00000| Untracked 
|  44|0x00000000c6c00000, 0x00000000c6d00000, 0x00000000c6d00000|100%| O|  |TAMS 0x00000000c6c00000, 0x00000000c6c00000| Untracked 
|  45|0x00000000c6d00000, 0x00000000c6e00000, 0x00000000c6e00000|100%| O|  |TAMS 0x00000000c6d00000, 0x00000000c6d00000| Untracked 
|  46|0x00000000c6e00000, 0x00000000c6f00000, 0x00000000c6f00000|100%| O|  |TAMS 0x00000000c6e00000, 0x00000000c6e00000| Untracked 
|  47|0x00000000c6f00000, 0x00000000c7000000, 0x00000000c7000000|100%| O|  |TAMS 0x00000000c6f00000, 0x00000000c6f00000| Untracked 
|  48|0x00000000c7000000, 0x00000000c7100000, 0x00000000c7100000|100%| O|  |TAMS 0x00000000c7000000, 0x00000000c7000000| Untracked 
|  49|0x00000000c7100000, 0x00000000c7200000, 0x00000000c7200000|100%| O|  |TAMS 0x00000000c7100000, 0x00000000c7100000| Untracked 
|  50|0x00000000c7200000, 0x00000000c7300000, 0x00000000c7300000|100%| O|  |TAMS 0x00000000c7200000, 0x00000000c7200000| Untracked 
|  51|0x00000000c7300000, 0x00000000c7400000, 0x00000000c7400000|100%| O|  |TAMS 0x00000000c7300000, 0x00000000c7300000| Untracked 
|  52|0x00000000c7400000, 0x00000000c7500000, 0x00000000c7500000|100%| O|  |TAMS 0x00000000c7400000, 0x00000000c7400000| Untracked 
|  53|0x00000000c7500000, 0x00000000c7600000, 0x00000000c7600000|100%| O|  |TAMS 0x00000000c7500000, 0x00000000c7500000| Untracked 
|  54|0x00000000c7600000, 0x00000000c7700000, 0x00000000c7700000|100%| O|  |TAMS 0x00000000c7600000, 0x00000000c7600000| Untracked 
|  55|0x00000000c7700000, 0x00000000c7800000, 0x00000000c7800000|100%| O|  |TAMS 0x00000000c7700000, 0x00000000c7700000| Untracked 
|  56|0x00000000c7800000, 0x00000000c7900000, 0x00000000c7900000|100%| O|  |TAMS 0x00000000c7800000, 0x00000000c7800000| Untracked 
|  57|0x00000000c7900000, 0x00000000c7a00000, 0x00000000c7a00000|100%| O|  |TAMS 0x00000000c7900000, 0x00000000c7900000| Untracked 
|  58|0x00000000c7a00000, 0x00000000c7b00000, 0x00000000c7b00000|100%| O|  |TAMS 0x00000000c7a00000, 0x00000000c7a00000| Untracked 
|  59|0x00000000c7b00000, 0x00000000c7c00000, 0x00000000c7c00000|100%| O|  |TAMS 0x00000000c7b00000, 0x00000000c7b00000| Untracked 
|  60|0x00000000c7c00000, 0x00000000c7d00000, 0x00000000c7d00000|100%| O|  |TAMS 0x00000000c7c00000, 0x00000000c7c00000| Untracked 
|  61|0x00000000c7d00000, 0x00000000c7e00000, 0x00000000c7e00000|100%| O|  |TAMS 0x00000000c7d00000, 0x00000000c7d00000| Untracked 
|  62|0x00000000c7e00000, 0x00000000c7f00000, 0x00000000c7f00000|100%| O|  |TAMS 0x00000000c7e00000, 0x00000000c7e00000| Untracked 
|  63|0x00000000c7f00000, 0x00000000c7f9d600, 0x00000000c8000000| 61%| O|  |TAMS 0x00000000c7f00000, 0x00000000c7f00000| Untracked 
|  64|0x00000000c8000000, 0x00000000c8000000, 0x00000000c8100000|  0%| F|  |TAMS 0x00000000c8000000, 0x00000000c8000000| Untracked 
|  65|0x00000000c8100000, 0x00000000c8100000, 0x00000000c8200000|  0%| F|  |TAMS 0x00000000c8100000, 0x00000000c8100000| Untracked 
|  66|0x00000000c8200000, 0x00000000c8200000, 0x00000000c8300000|  0%| F|  |TAMS 0x00000000c8200000, 0x00000000c8200000| Untracked 
|  67|0x00000000c8300000, 0x00000000c8300000, 0x00000000c8400000|  0%| F|  |TAMS 0x00000000c8300000, 0x00000000c8300000| Untracked 
|  68|0x00000000c8400000, 0x00000000c8400000, 0x00000000c8500000|  0%| F|  |TAMS 0x00000000c8400000, 0x00000000c8400000| Untracked 
|  69|0x00000000c8500000, 0x00000000c8500000, 0x00000000c8600000|  0%| F|  |TAMS 0x00000000c8500000, 0x00000000c8500000| Untracked 
|  70|0x00000000c8600000, 0x00000000c8600000, 0x00000000c8700000|  0%| F|  |TAMS 0x00000000c8600000, 0x00000000c8600000| Untracked 
|  71|0x00000000c8700000, 0x00000000c8700000, 0x00000000c8800000|  0%| F|  |TAMS 0x00000000c8700000, 0x00000000c8700000| Untracked 
|  72|0x00000000c8800000, 0x00000000c8800000, 0x00000000c8900000|  0%| F|  |TAMS 0x00000000c8800000, 0x00000000c8800000| Untracked 
|  73|0x00000000c8900000, 0x00000000c8900000, 0x00000000c8a00000|  0%| F|  |TAMS 0x00000000c8900000, 0x00000000c8900000| Untracked 
|  74|0x00000000c8a00000, 0x00000000c8a00000, 0x00000000c8b00000|  0%| F|  |TAMS 0x00000000c8a00000, 0x00000000c8a00000| Untracked 
|  75|0x00000000c8b00000, 0x00000000c8b00000, 0x00000000c8c00000|  0%| F|  |TAMS 0x00000000c8b00000, 0x00000000c8b00000| Untracked 
|  76|0x00000000c8c00000, 0x00000000c8c00000, 0x00000000c8d00000|  0%| F|  |TAMS 0x00000000c8c00000, 0x00000000c8c00000| Untracked 
|  77|0x00000000c8d00000, 0x00000000c8d00000, 0x00000000c8e00000|  0%| F|  |TAMS 0x00000000c8d00000, 0x00000000c8d00000| Untracked 
|  78|0x00000000c8e00000, 0x00000000c8e00000, 0x00000000c8f00000|  0%| F|  |TAMS 0x00000000c8e00000, 0x00000000c8e00000| Untracked 
|  79|0x00000000c8f00000, 0x00000000c8f00000, 0x00000000c9000000|  0%| F|  |TAMS 0x00000000c8f00000, 0x00000000c8f00000| Untracked 
|  80|0x00000000c9000000, 0x00000000c9000000, 0x00000000c9100000|  0%| F|  |TAMS 0x00000000c9000000, 0x00000000c9000000| Untracked 
|  81|0x00000000c9100000, 0x00000000c9100000, 0x00000000c9200000|  0%| F|  |TAMS 0x00000000c9100000, 0x00000000c9100000| Untracked 
|  82|0x00000000c9200000, 0x00000000c9200000, 0x00000000c9300000|  0%| F|  |TAMS 0x00000000c9200000, 0x00000000c9200000| Untracked 
|  83|0x00000000c9300000, 0x00000000c9300000, 0x00000000c9400000|  0%| F|  |TAMS 0x00000000c9300000, 0x00000000c9300000| Untracked 
|  84|0x00000000c9400000, 0x00000000c9400000, 0x00000000c9500000|  0%| F|  |TAMS 0x00000000c9400000, 0x00000000c9400000| Untracked 
|  85|0x00000000c9500000, 0x00000000c9500000, 0x00000000c9600000|  0%| F|  |TAMS 0x00000000c9500000, 0x00000000c9500000| Untracked 
|  86|0x00000000c9600000, 0x00000000c9600000, 0x00000000c9700000|  0%| F|  |TAMS 0x00000000c9600000, 0x00000000c9600000| Untracked 
|  87|0x00000000c9700000, 0x00000000c9700000, 0x00000000c9800000|  0%| F|  |TAMS 0x00000000c9700000, 0x00000000c9700000| Untracked 
|  88|0x00000000c9800000, 0x00000000c9800000, 0x00000000c9900000|  0%| F|  |TAMS 0x00000000c9800000, 0x00000000c9800000| Untracked 
|  89|0x00000000c9900000, 0x00000000c9900000, 0x00000000c9a00000|  0%| F|  |TAMS 0x00000000c9900000, 0x00000000c9900000| Untracked 
|  90|0x00000000c9a00000, 0x00000000c9a00000, 0x00000000c9b00000|  0%| F|  |TAMS 0x00000000c9a00000, 0x00000000c9a00000| Untracked 
|  91|0x00000000c9b00000, 0x00000000c9b00000, 0x00000000c9c00000|  0%| F|  |TAMS 0x00000000c9b00000, 0x00000000c9b00000| Untracked 
|  92|0x00000000c9c00000, 0x00000000c9c00000, 0x00000000c9d00000|  0%| F|  |TAMS 0x00000000c9c00000, 0x00000000c9c00000| Untracked 
|  93|0x00000000c9d00000, 0x00000000c9d00000, 0x00000000c9e00000|  0%| F|  |TAMS 0x00000000c9d00000, 0x00000000c9d00000| Untracked 
|  94|0x00000000c9e00000, 0x00000000c9e00000, 0x00000000c9f00000|  0%| F|  |TAMS 0x00000000c9e00000, 0x00000000c9e00000| Untracked 
|  95|0x00000000c9f00000, 0x00000000c9f00000, 0x00000000ca000000|  0%| F|  |TAMS 0x00000000c9f00000, 0x00000000c9f00000| Untracked 
|  96|0x00000000ca000000, 0x00000000ca000000, 0x00000000ca100000|  0%| F|  |TAMS 0x00000000ca000000, 0x00000000ca000000| Untracked 
|  97|0x00000000ca100000, 0x00000000ca100000, 0x00000000ca200000|  0%| F|  |TAMS 0x00000000ca100000, 0x00000000ca100000| Untracked 
|  98|0x00000000ca200000, 0x00000000ca200000, 0x00000000ca300000|  0%| F|  |TAMS 0x00000000ca200000, 0x00000000ca200000| Untracked 
|  99|0x00000000ca300000, 0x00000000ca300000, 0x00000000ca400000|  0%| F|  |TAMS 0x00000000ca300000, 0x00000000ca300000| Untracked 
| 100|0x00000000ca400000, 0x00000000ca400000, 0x00000000ca500000|  0%| F|  |TAMS 0x00000000ca400000, 0x00000000ca400000| Untracked 
| 101|0x00000000ca500000, 0x00000000ca500000, 0x00000000ca600000|  0%| F|  |TAMS 0x00000000ca500000, 0x00000000ca500000| Untracked 
| 102|0x00000000ca600000, 0x00000000ca600000, 0x00000000ca700000|  0%| F|  |TAMS 0x00000000ca600000, 0x00000000ca600000| Untracked 
| 103|0x00000000ca700000, 0x00000000ca700000, 0x00000000ca800000|  0%| F|  |TAMS 0x00000000ca700000, 0x00000000ca700000| Untracked 
| 104|0x00000000ca800000, 0x00000000ca800000, 0x00000000ca900000|  0%| F|  |TAMS 0x00000000ca800000, 0x00000000ca800000| Untracked 
| 105|0x00000000ca900000, 0x00000000ca900000, 0x00000000caa00000|  0%| F|  |TAMS 0x00000000ca900000, 0x00000000ca900000| Untracked 
| 106|0x00000000caa00000, 0x00000000caa00000, 0x00000000cab00000|  0%| F|  |TAMS 0x00000000caa00000, 0x00000000caa00000| Untracked 
| 107|0x00000000cab00000, 0x00000000cab00000, 0x00000000cac00000|  0%| F|  |TAMS 0x00000000cab00000, 0x00000000cab00000| Untracked 
| 108|0x00000000cac00000, 0x00000000cac00000, 0x00000000cad00000|  0%| F|  |TAMS 0x00000000cac00000, 0x00000000cac00000| Untracked 
| 109|0x00000000cad00000, 0x00000000cad00000, 0x00000000cae00000|  0%| F|  |TAMS 0x00000000cad00000, 0x00000000cad00000| Untracked 
| 110|0x00000000cae00000, 0x00000000cae00000, 0x00000000caf00000|  0%| F|  |TAMS 0x00000000cae00000, 0x00000000cae00000| Untracked 
| 111|0x00000000caf00000, 0x00000000caf00000, 0x00000000cb000000|  0%| F|  |TAMS 0x00000000caf00000, 0x00000000caf00000| Untracked 
| 112|0x00000000cb000000, 0x00000000cb000000, 0x00000000cb100000|  0%| F|  |TAMS 0x00000000cb000000, 0x00000000cb000000| Untracked 
| 113|0x00000000cb100000, 0x00000000cb100000, 0x00000000cb200000|  0%| F|  |TAMS 0x00000000cb100000, 0x00000000cb100000| Untracked 
| 114|0x00000000cb200000, 0x00000000cb200000, 0x00000000cb300000|  0%| F|  |TAMS 0x00000000cb200000, 0x00000000cb200000| Untracked 
| 115|0x00000000cb300000, 0x00000000cb300000, 0x00000000cb400000|  0%| F|  |TAMS 0x00000000cb300000, 0x00000000cb300000| Untracked 
| 116|0x00000000cb400000, 0x00000000cb400000, 0x00000000cb500000|  0%| F|  |TAMS 0x00000000cb400000, 0x00000000cb400000| Untracked 
| 117|0x00000000cb500000, 0x00000000cb500000, 0x00000000cb600000|  0%| F|  |TAMS 0x00000000cb500000, 0x00000000cb500000| Untracked 
| 118|0x00000000cb600000, 0x00000000cb700000, 0x00000000cb700000|100%| S|CS|TAMS 0x00000000cb600000, 0x00000000cb600000| Complete 
| 119|0x00000000cb700000, 0x00000000cb800000, 0x00000000cb800000|100%| S|CS|TAMS 0x00000000cb700000, 0x00000000cb700000| Complete 
| 120|0x00000000cb800000, 0x00000000cb900000, 0x00000000cb900000|100%| S|CS|TAMS 0x00000000cb800000, 0x00000000cb800000| Complete 
| 121|0x00000000cb900000, 0x00000000cba00000, 0x00000000cba00000|100%| S|CS|TAMS 0x00000000cb900000, 0x00000000cb900000| Complete 
| 122|0x00000000cba00000, 0x00000000cba00000, 0x00000000cbb00000|  0%| F|  |TAMS 0x00000000cba00000, 0x00000000cba00000| Untracked 
| 123|0x00000000cbb00000, 0x00000000cbb00000, 0x00000000cbc00000|  0%| F|  |TAMS 0x00000000cbb00000, 0x00000000cbb00000| Untracked 
| 124|0x00000000cbc00000, 0x00000000cbc00000, 0x00000000cbd00000|  0%| F|  |TAMS 0x00000000cbc00000, 0x00000000cbc00000| Untracked 
| 125|0x00000000cbd00000, 0x00000000cbd00000, 0x00000000cbe00000|  0%| F|  |TAMS 0x00000000cbd00000, 0x00000000cbd00000| Untracked 
| 126|0x00000000cbe00000, 0x00000000cbe00000, 0x00000000cbf00000|  0%| F|  |TAMS 0x00000000cbe00000, 0x00000000cbe00000| Untracked 
| 127|0x00000000cbf00000, 0x00000000cbf00000, 0x00000000cc000000|  0%| F|  |TAMS 0x00000000cbf00000, 0x00000000cbf00000| Untracked 
| 128|0x00000000cc000000, 0x00000000cc000000, 0x00000000cc100000|  0%| F|  |TAMS 0x00000000cc000000, 0x00000000cc000000| Untracked 
| 129|0x00000000cc100000, 0x00000000cc100000, 0x00000000cc200000|  0%| F|  |TAMS 0x00000000cc100000, 0x00000000cc100000| Untracked 
| 130|0x00000000cc200000, 0x00000000cc200000, 0x00000000cc300000|  0%| F|  |TAMS 0x00000000cc200000, 0x00000000cc200000| Untracked 
| 131|0x00000000cc300000, 0x00000000cc300000, 0x00000000cc400000|  0%| F|  |TAMS 0x00000000cc300000, 0x00000000cc300000| Untracked 
| 132|0x00000000cc400000, 0x00000000cc400000, 0x00000000cc500000|  0%| F|  |TAMS 0x00000000cc400000, 0x00000000cc400000| Untracked 
| 133|0x00000000cc500000, 0x00000000cc500000, 0x00000000cc600000|  0%| F|  |TAMS 0x00000000cc500000, 0x00000000cc500000| Untracked 
| 134|0x00000000cc600000, 0x00000000cc600000, 0x00000000cc700000|  0%| F|  |TAMS 0x00000000cc600000, 0x00000000cc600000| Untracked 
| 135|0x00000000cc700000, 0x00000000cc700000, 0x00000000cc800000|  0%| F|  |TAMS 0x00000000cc700000, 0x00000000cc700000| Untracked 
| 136|0x00000000cc800000, 0x00000000cc800000, 0x00000000cc900000|  0%| F|  |TAMS 0x00000000cc800000, 0x00000000cc800000| Untracked 
| 137|0x00000000cc900000, 0x00000000cc900000, 0x00000000cca00000|  0%| F|  |TAMS 0x00000000cc900000, 0x00000000cc900000| Untracked 
| 138|0x00000000cca00000, 0x00000000cca00000, 0x00000000ccb00000|  0%| F|  |TAMS 0x00000000cca00000, 0x00000000cca00000| Untracked 
| 139|0x00000000ccb00000, 0x00000000ccb00000, 0x00000000ccc00000|  0%| F|  |TAMS 0x00000000ccb00000, 0x00000000ccb00000| Untracked 
| 140|0x00000000ccc00000, 0x00000000ccc00000, 0x00000000ccd00000|  0%| F|  |TAMS 0x00000000ccc00000, 0x00000000ccc00000| Untracked 
| 141|0x00000000ccd00000, 0x00000000ccd00000, 0x00000000cce00000|  0%| F|  |TAMS 0x00000000ccd00000, 0x00000000ccd00000| Untracked 
| 142|0x00000000cce00000, 0x00000000cce00000, 0x00000000ccf00000|  0%| F|  |TAMS 0x00000000cce00000, 0x00000000cce00000| Untracked 
| 143|0x00000000ccf00000, 0x00000000ccf00000, 0x00000000cd000000|  0%| F|  |TAMS 0x00000000ccf00000, 0x00000000ccf00000| Untracked 
| 144|0x00000000cd000000, 0x00000000cd000000, 0x00000000cd100000|  0%| F|  |TAMS 0x00000000cd000000, 0x00000000cd000000| Untracked 
| 145|0x00000000cd100000, 0x00000000cd100000, 0x00000000cd200000|  0%| F|  |TAMS 0x00000000cd100000, 0x00000000cd100000| Untracked 
| 146|0x00000000cd200000, 0x00000000cd200000, 0x00000000cd300000|  0%| F|  |TAMS 0x00000000cd200000, 0x00000000cd200000| Untracked 
| 147|0x00000000cd300000, 0x00000000cd300000, 0x00000000cd400000|  0%| F|  |TAMS 0x00000000cd300000, 0x00000000cd300000| Untracked 
| 148|0x00000000cd400000, 0x00000000cd400000, 0x00000000cd500000|  0%| F|  |TAMS 0x00000000cd400000, 0x00000000cd400000| Untracked 
| 149|0x00000000cd500000, 0x00000000cd500000, 0x00000000cd600000|  0%| F|  |TAMS 0x00000000cd500000, 0x00000000cd500000| Untracked 
| 150|0x00000000cd600000, 0x00000000cd600000, 0x00000000cd700000|  0%| F|  |TAMS 0x00000000cd600000, 0x00000000cd600000| Untracked 
| 151|0x00000000cd700000, 0x00000000cd700000, 0x00000000cd800000|  0%| F|  |TAMS 0x00000000cd700000, 0x00000000cd700000| Untracked 
| 152|0x00000000cd800000, 0x00000000cd800000, 0x00000000cd900000|  0%| F|  |TAMS 0x00000000cd800000, 0x00000000cd800000| Untracked 
| 153|0x00000000cd900000, 0x00000000cd900000, 0x00000000cda00000|  0%| F|  |TAMS 0x00000000cd900000, 0x00000000cd900000| Untracked 
| 154|0x00000000cda00000, 0x00000000cda00000, 0x00000000cdb00000|  0%| F|  |TAMS 0x00000000cda00000, 0x00000000cda00000| Untracked 
| 155|0x00000000cdb00000, 0x00000000cdb00000, 0x00000000cdc00000|  0%| F|  |TAMS 0x00000000cdb00000, 0x00000000cdb00000| Untracked 
| 156|0x00000000cdc00000, 0x00000000cdc00000, 0x00000000cdd00000|  0%| F|  |TAMS 0x00000000cdc00000, 0x00000000cdc00000| Untracked 
| 157|0x00000000cdd00000, 0x00000000cdd00000, 0x00000000cde00000|  0%| F|  |TAMS 0x00000000cdd00000, 0x00000000cdd00000| Untracked 
| 158|0x00000000cde00000, 0x00000000cde00000, 0x00000000cdf00000|  0%| F|  |TAMS 0x00000000cde00000, 0x00000000cde00000| Untracked 
| 159|0x00000000cdf00000, 0x00000000cdf00000, 0x00000000ce000000|  0%| F|  |TAMS 0x00000000cdf00000, 0x00000000cdf00000| Untracked 
| 160|0x00000000ce000000, 0x00000000ce000000, 0x00000000ce100000|  0%| F|  |TAMS 0x00000000ce000000, 0x00000000ce000000| Untracked 
| 161|0x00000000ce100000, 0x00000000ce100000, 0x00000000ce200000|  0%| F|  |TAMS 0x00000000ce100000, 0x00000000ce100000| Untracked 
| 162|0x00000000ce200000, 0x00000000ce200000, 0x00000000ce300000|  0%| F|  |TAMS 0x00000000ce200000, 0x00000000ce200000| Untracked 
| 163|0x00000000ce300000, 0x00000000ce300000, 0x00000000ce400000|  0%| F|  |TAMS 0x00000000ce300000, 0x00000000ce300000| Untracked 
| 164|0x00000000ce400000, 0x00000000ce400000, 0x00000000ce500000|  0%| F|  |TAMS 0x00000000ce400000, 0x00000000ce400000| Untracked 
| 165|0x00000000ce500000, 0x00000000ce500000, 0x00000000ce600000|  0%| F|  |TAMS 0x00000000ce500000, 0x00000000ce500000| Untracked 
| 166|0x00000000ce600000, 0x00000000ce600000, 0x00000000ce700000|  0%| F|  |TAMS 0x00000000ce600000, 0x00000000ce600000| Untracked 
| 167|0x00000000ce700000, 0x00000000ce700000, 0x00000000ce800000|  0%| F|  |TAMS 0x00000000ce700000, 0x00000000ce700000| Untracked 
| 168|0x00000000ce800000, 0x00000000ce800000, 0x00000000ce900000|  0%| F|  |TAMS 0x00000000ce800000, 0x00000000ce800000| Untracked 
| 169|0x00000000ce900000, 0x00000000ce900000, 0x00000000cea00000|  0%| F|  |TAMS 0x00000000ce900000, 0x00000000ce900000| Untracked 

Card table byte_map: [0x000001cb7cf70000,0x000001cb7d150000] _byte_map_base: 0x000001cb7c950000

Marking Bits (Prev, Next): (CMBitMap*) 0x000001cb77023b50, (CMBitMap*) 0x000001cb77023b10
 Prev Bits: [0x000001cb7e230000, 0x000001cb7f130000)
 Next Bits: [0x000001cb7d330000, 0x000001cb7e230000)

Polling page: 0x000001cb767c0000

Metaspace:

Usage:
  Non-class:     30.64 MB used.
      Class:      4.57 MB used.
       Both:     35.22 MB used.

Virtual space:
  Non-class space:       32.00 MB reserved,      30.81 MB ( 96%) committed,  4 nodes.
      Class space:        1.00 GB reserved,       4.75 MB ( <1%) committed,  1 nodes.
             Both:        1.03 GB reserved,      35.56 MB (  3%) committed. 

Chunk freelists:
   Non-Class:  800.00 KB
       Class:  3.11 MB
        Both:  3.89 MB

MaxMetaspaceSize: unlimited
CompressedClassSpaceSize: 1.00 GB
Initial GC threshold: 21.00 MB
Current GC threshold: 56.69 MB
CDS: off
MetaspaceReclaimPolicy: balanced
 - commit_granule_bytes: 65536.
 - commit_granule_words: 8192.
 - virtual_space_node_default_size: 1048576.
 - enlarge_chunks_in_place: 1.
 - new_chunks_are_fully_committed: 0.
 - uncommit_free_chunks: 1.
 - use_allocation_guard: 0.
 - handle_deallocations: 1.


Internal statistics:

num_allocs_failed_limit: 5.
num_arena_births: 344.
num_arena_deaths: 0.
num_vsnodes_births: 5.
num_vsnodes_deaths: 0.
num_space_committed: 569.
num_space_uncommitted: 0.
num_chunks_returned_to_freelist: 5.
num_chunks_taken_from_freelist: 1365.
num_chunk_merges: 5.
num_chunk_splits: 941.
num_chunks_enlarged: 738.
num_purges: 0.
num_inconsistent_stats: 0.

CodeCache: size=49152Kb used=7239Kb max_used=7239Kb free=41912Kb
 bounds [0x000001cb79c80000, 0x000001cb7a3a0000, 0x000001cb7cc80000]
 total_blobs=4131 nmethods=3610 adapters=447
 compilation: enabled
              stopped_count=0, restarted_count=0
 full_count=0

Compilation events (20 events):
Event: 14.732 Thread 0x000001cb7fba89d0 3598   !   1       nonapi.io.github.classgraph.fileslice.reader.ClassfileReader::close (43 bytes)
Event: 14.732 Thread 0x000001cb7fba89d0 nmethod 3598 0x000001cb7a38bd90 code [0x000001cb7a38bf40, 0x000001cb7a38c118]
Event: 14.737 Thread 0x000001cb7fba89d0 3600   !   1       jdk.internal.reflect.GeneratedMethodAccessor28::invoke (67 bytes)
Event: 14.755 Thread 0x000001cb7fba89d0 nmethod 3600 0x000001cb7a38c210 code [0x000001cb7a38c400, 0x000001cb7a38c838]
Event: 14.765 Thread 0x000001cb7fba89d0 3601  s!   1       jdk.internal.loader.URLClassPath::getLoader (196 bytes)
Event: 14.765 Thread 0x000001cb7fba89d0 nmethod 3601 0x000001cb7a38cb10 code [0x000001cb7a38cdc0, 0x000001cb7a38d7d8]
Event: 14.783 Thread 0x000001cb7fba89d0 3603       1       java.util.ImmutableCollections$AbstractImmutableList::<init> (5 bytes)
Event: 14.783 Thread 0x000001cb7fba89d0 nmethod 3603 0x000001cb7a38e790 code [0x000001cb7a38e920, 0x000001cb7a38e9d8]
Event: 14.783 Thread 0x000001cb7fba89d0 3604       1       java.lang.invoke.BoundMethodHandle::bindArgumentL (11 bytes)
Event: 14.784 Thread 0x000001cb7fba89d0 nmethod 3604 0x000001cb7a38ea90 code [0x000001cb7a38ec40, 0x000001cb7a38ee38]
Event: 14.784 Thread 0x000001cb7fba89d0 3605       1       java.lang.invoke.LambdaFormEditor::bindArgumentL (59 bytes)
Event: 14.784 Thread 0x000001cb7fba89d0 nmethod 3605 0x000001cb7a38ef90 code [0x000001cb7a38f140, 0x000001cb7a38f2a8]
Event: 14.799 Thread 0x000001cb7fba89d0 3607       1       io.github.classgraph.ClasspathElementModule$1::close (65 bytes)
Event: 14.835 Thread 0x000001cb7fba89d0 nmethod 3607 0x000001cb7a38f810 code [0x000001cb7a38fa00, 0x000001cb7a38fe38]
Event: 14.838 Thread 0x000001cb7fba89d0 3608   !   1       io.github.classgraph.ClasspathElementModule$1::open (129 bytes)
Event: 14.840 Thread 0x000001cb7fba89d0 nmethod 3608 0x000001cb7a390110 code [0x000001cb7a3903c0, 0x000001cb7a390e78]
Event: 14.840 Thread 0x000001cb7fba89d0 3610       1       nonapi.io.github.classgraph.concurrency.InterruptionChecker::checkAndReturn (37 bytes)
Event: 14.840 Thread 0x000001cb7fba89d0 nmethod 3610 0x000001cb7a391490 code [0x000001cb7a391640, 0x000001cb7a391808]
Event: 14.840 Thread 0x000001cb7fba89d0 3609       1       io.github.classgraph.ClasspathElementModule$1$1::<init> (16 bytes)
Event: 14.840 Thread 0x000001cb7fba89d0 nmethod 3609 0x000001cb7a391990 code [0x000001cb7a391b20, 0x000001cb7a391cf8]

GC Heap History (20 events):
Event: 12.739 GC heap after
{Heap after GC invocations=11 (full 0):
 garbage-first heap   total 48128K, used 25597K [0x00000000c4000000, 0x0000000100000000)
  region size 1024K, 2 young (2048K), 2 survivors (2048K)
 Metaspace       used 33908K, committed 34240K, reserved 1081344K
  class space    used 4317K, committed 4480K, reserved 1048576K
}
Event: 12.804 GC heap before
{Heap before GC invocations=11 (full 0):
 garbage-first heap   total 48128K, used 35837K [0x00000000c4000000, 0x0000000100000000)
  region size 1024K, 12 young (12288K), 2 survivors (2048K)
 Metaspace       used 34198K, committed 34560K, reserved 1081344K
  class space    used 4357K, committed 4544K, reserved 1048576K
}
Event: 12.807 GC heap after
{Heap after GC invocations=12 (full 0):
 garbage-first heap   total 58368K, used 27898K [0x00000000c4000000, 0x0000000100000000)
  region size 1024K, 2 young (2048K), 2 survivors (2048K)
 Metaspace       used 34198K, committed 34560K, reserved 1081344K
  class space    used 4357K, committed 4544K, reserved 1048576K
}
Event: 12.885 GC heap before
{Heap before GC invocations=13 (full 0):
 garbage-first heap   total 58368K, used 43258K [0x00000000c4000000, 0x0000000100000000)
  region size 1024K, 17 young (17408K), 2 survivors (2048K)
 Metaspace       used 34312K, committed 34688K, reserved 1081344K
  class space    used 4382K, committed 4544K, reserved 1048576K
}
Event: 12.890 GC heap after
{Heap after GC invocations=14 (full 0):
 garbage-first heap   total 58368K, used 30711K [0x00000000c4000000, 0x0000000100000000)
  region size 1024K, 3 young (3072K), 3 survivors (3072K)
 Metaspace       used 34312K, committed 34688K, reserved 1081344K
  class space    used 4382K, committed 4544K, reserved 1048576K
}
Event: 12.893 GC heap before
{Heap before GC invocations=14 (full 0):
 garbage-first heap   total 58368K, used 31735K [0x00000000c4000000, 0x0000000100000000)
  region size 1024K, 4 young (4096K), 3 survivors (3072K)
 Metaspace       used 34316K, committed 34688K, reserved 1081344K
  class space    used 4383K, committed 4544K, reserved 1048576K
}
Event: 12.896 GC heap after
{Heap after GC invocations=15 (full 0):
 garbage-first heap   total 58368K, used 30901K [0x00000000c4000000, 0x0000000100000000)
  region size 1024K, 1 young (1024K), 1 survivors (1024K)
 Metaspace       used 34316K, committed 34688K, reserved 1081344K
  class space    used 4383K, committed 4544K, reserved 1048576K
}
Event: 12.958 GC heap before
{Heap before GC invocations=15 (full 0):
 garbage-first heap   total 58368K, used 44213K [0x00000000c4000000, 0x0000000100000000)
  region size 1024K, 14 young (14336K), 1 survivors (1024K)
 Metaspace       used 34387K, committed 34752K, reserved 1081344K
  class space    used 4395K, committed 4544K, reserved 1048576K
}
Event: 12.961 GC heap after
{Heap after GC invocations=16 (full 0):
 garbage-first heap   total 58368K, used 33280K [0x00000000c4000000, 0x0000000100000000)
  region size 1024K, 2 young (2048K), 2 survivors (2048K)
 Metaspace       used 34387K, committed 34752K, reserved 1081344K
  class space    used 4395K, committed 4544K, reserved 1048576K
}
Event: 12.988 GC heap before
{Heap before GC invocations=16 (full 0):
 garbage-first heap   total 71680K, used 45568K [0x00000000c4000000, 0x0000000100000000)
  region size 1024K, 14 young (14336K), 2 survivors (2048K)
 Metaspace       used 34422K, committed 34816K, reserved 1081344K
  class space    used 4400K, committed 4608K, reserved 1048576K
}
Event: 12.992 GC heap after
{Heap after GC invocations=17 (full 0):
 garbage-first heap   total 71680K, used 35472K [0x00000000c4000000, 0x0000000100000000)
  region size 1024K, 2 young (2048K), 2 survivors (2048K)
 Metaspace       used 34422K, committed 34816K, reserved 1081344K
  class space    used 4400K, committed 4608K, reserved 1048576K
}
Event: 13.020 GC heap before
{Heap before GC invocations=18 (full 0):
 garbage-first heap   total 71680K, used 54928K [0x00000000c4000000, 0x0000000100000000)
  region size 1024K, 21 young (21504K), 2 survivors (2048K)
 Metaspace       used 34440K, committed 34880K, reserved 1081344K
  class space    used 4401K, committed 4608K, reserved 1048576K
}
Event: 13.027 GC heap after
{Heap after GC invocations=19 (full 0):
 garbage-first heap   total 174080K, used 40918K [0x00000000c4000000, 0x0000000100000000)
  region size 1024K, 3 young (3072K), 3 survivors (3072K)
 Metaspace       used 34440K, committed 34880K, reserved 1081344K
  class space    used 4401K, committed 4608K, reserved 1048576K
}
Event: 13.034 GC heap before
{Heap before GC invocations=19 (full 0):
 garbage-first heap   total 174080K, used 46038K [0x00000000c4000000, 0x0000000100000000)
  region size 1024K, 8 young (8192K), 3 survivors (3072K)
 Metaspace       used 34453K, committed 34880K, reserved 1081344K
  class space    used 4402K, committed 4608K, reserved 1048576K
}
Event: 13.038 GC heap after
{Heap after GC invocations=20 (full 0):
 garbage-first heap   total 174080K, used 42342K [0x00000000c4000000, 0x0000000100000000)
  region size 1024K, 1 young (1024K), 1 survivors (1024K)
 Metaspace       used 34453K, committed 34880K, reserved 1081344K
  class space    used 4402K, committed 4608K, reserved 1048576K
}
Event: 14.663 GC heap before
{Heap before GC invocations=20 (full 0):
 garbage-first heap   total 174080K, used 122214K [0x00000000c4000000, 0x0000000100000000)
  region size 1024K, 78 young (79872K), 1 survivors (1024K)
 Metaspace       used 35819K, committed 36160K, reserved 1081344K
  class space    used 4649K, committed 4800K, reserved 1048576K
}
Event: 14.726 GC heap after
{Heap after GC invocations=21 (full 0):
 garbage-first heap   total 174080K, used 64284K [0x00000000c4000000, 0x0000000100000000)
  region size 1024K, 10 young (10240K), 10 survivors (10240K)
 Metaspace       used 35819K, committed 36160K, reserved 1081344K
  class space    used 4649K, committed 4800K, reserved 1048576K
}
Event: 14.816 GC heap before
{Heap before GC invocations=21 (full 0):
 garbage-first heap   total 174080K, used 107292K [0x00000000c4000000, 0x0000000100000000)
  region size 1024K, 53 young (54272K), 10 survivors (10240K)
 Metaspace       used 36029K, committed 36416K, reserved 1081344K
  class space    used 4677K, committed 4864K, reserved 1048576K
}
Event: 14.833 GC heap after
{Heap after GC invocations=22 (full 0):
 garbage-first heap   total 174080K, used 67948K [0x00000000c4000000, 0x0000000100000000)
  region size 1024K, 3 young (3072K), 3 survivors (3072K)
 Metaspace       used 36029K, committed 36416K, reserved 1081344K
  class space    used 4677K, committed 4864K, reserved 1048576K
}
Event: 14.882 GC heap before
{Heap before GC invocations=22 (full 0):
 garbage-first heap   total 174080K, used 113004K [0x00000000c4000000, 0x0000000100000000)
  region size 1024K, 48 young (49152K), 3 survivors (3072K)
 Metaspace       used 36063K, committed 36416K, reserved 1081344K
  class space    used 4684K, committed 4864K, reserved 1048576K
}

Deoptimization events (20 events):
Event: 14.799 Thread 0x000001cb04576a30 DEOPT PACKING pc=0x000001cb7a37bb64 sp=0x00000078173feed0
Event: 14.799 Thread 0x000001cb028b7220 DEOPT PACKING pc=0x000001cb7a37bb64 sp=0x00000078175febf0
Event: 14.799 Thread 0x000001cb028b7220 DEOPT UNPACKING pc=0x000001cb79cd6763 sp=0x00000078175fe178 mode 0
Event: 14.799 Thread 0x000001cb04576a30 DEOPT UNPACKING pc=0x000001cb79cd6763 sp=0x00000078173fe458 mode 0
Event: 14.800 Thread 0x000001cb04575020 DEOPT PACKING pc=0x000001cb7a37bb64 sp=0x00000078172fea50
Event: 14.800 Thread 0x000001cb04575020 DEOPT UNPACKING pc=0x000001cb79cd6763 sp=0x00000078172fdfd8 mode 0
Event: 14.801 Thread 0x000001cb04363070 DEOPT PACKING pc=0x000001cb7a37bb64 sp=0x00000078170fe8e0
Event: 14.801 Thread 0x000001cb04363070 DEOPT UNPACKING pc=0x000001cb79cd6763 sp=0x00000078170fde68 mode 0
Event: 14.801 Thread 0x000001cb028b5a10 DEOPT PACKING pc=0x000001cb7a37bb64 sp=0x0000007817cfeaa0
Event: 14.801 Thread 0x000001cb028b5a10 DEOPT UNPACKING pc=0x000001cb79cd6763 sp=0x0000007817cfe028 mode 0
Event: 14.801 Thread 0x000001cb028b7bc0 DEOPT PACKING pc=0x000001cb7a37bb64 sp=0x0000007817dfeda0
Event: 14.801 Thread 0x000001cb028b7bc0 DEOPT UNPACKING pc=0x000001cb79cd6763 sp=0x0000007817dfe328 mode 0
Event: 14.801 Thread 0x000001cb028b6d50 DEOPT PACKING pc=0x000001cb7a37bb64 sp=0x0000007817afe9f0
Event: 14.801 Thread 0x000001cb028b6d50 DEOPT UNPACKING pc=0x000001cb79cd6763 sp=0x0000007817afdf78 mode 0
Event: 14.840 Thread 0x000001cb028b6880 DEOPT PACKING pc=0x000001cb7a37bb64 sp=0x00000078178fe730
Event: 14.840 Thread 0x000001cb028b6880 DEOPT UNPACKING pc=0x000001cb79cd6763 sp=0x00000078178fdcb8 mode 0
Event: 14.841 Thread 0x000001cb028b76f0 DEOPT PACKING pc=0x000001cb7a37bb64 sp=0x00000078177fe8d0
Event: 14.841 Thread 0x000001cb028b76f0 DEOPT UNPACKING pc=0x000001cb79cd6763 sp=0x00000078177fde58 mode 0
Event: 14.844 Thread 0x000001cb04472f20 DEOPT PACKING pc=0x000001cb7a37bb64 sp=0x00000078171fe740
Event: 14.844 Thread 0x000001cb04472f20 DEOPT UNPACKING pc=0x000001cb79cd6763 sp=0x00000078171fdcc8 mode 0

Classes unloaded (0 events):
No events

Classes redefined (0 events):
No events

Internal exceptions (20 events):
Event: 12.136 Thread 0x000001cb04472f20 Exception <a 'sun/nio/fs/WindowsException'{0x00000000c69584a0}> (0x00000000c69584a0) 
thrown [s\src\hotspot\share\prims\jni.cpp, line 516]
Event: 12.136 Thread 0x000001cb04472f20 Exception <a 'sun/nio/fs/WindowsException'{0x00000000c6958860}> (0x00000000c6958860) 
thrown [s\src\hotspot\share\prims\jni.cpp, line 516]
Event: 12.136 Thread 0x000001cb04472f20 Exception <a 'sun/nio/fs/WindowsException'{0x00000000c6959260}> (0x00000000c6959260) 
thrown [s\src\hotspot\share\prims\jni.cpp, line 516]
Event: 12.136 Thread 0x000001cb04472f20 Exception <a 'sun/nio/fs/WindowsException'{0x00000000c6959610}> (0x00000000c6959610) 
thrown [s\src\hotspot\share\prims\jni.cpp, line 516]
Event: 12.136 Thread 0x000001cb04472f20 Exception <a 'sun/nio/fs/WindowsException'{0x00000000c695a010}> (0x00000000c695a010) 
thrown [s\src\hotspot\share\prims\jni.cpp, line 516]
Event: 12.136 Thread 0x000001cb04472f20 Exception <a 'sun/nio/fs/WindowsException'{0x00000000c695a3d0}> (0x00000000c695a3d0) 
thrown [s\src\hotspot\share\prims\jni.cpp, line 516]
Event: 12.136 Thread 0x000001cb04472f20 Exception <a 'sun/nio/fs/WindowsException'{0x00000000c695adf8}> (0x00000000c695adf8) 
thrown [s\src\hotspot\share\prims\jni.cpp, line 516]
Event: 12.136 Thread 0x000001cb04472f20 Exception <a 'sun/nio/fs/WindowsException'{0x00000000c695b1d8}> (0x00000000c695b1d8) 
thrown [s\src\hotspot\share\prims\jni.cpp, line 516]
Event: 12.136 Thread 0x000001cb04472f20 Exception <a 'sun/nio/fs/WindowsException'{0x00000000c695bc10}> (0x00000000c695bc10) 
thrown [s\src\hotspot\share\prims\jni.cpp, line 516]
Event: 12.136 Thread 0x000001cb04472f20 Exception <a 'sun/nio/fs/WindowsException'{0x00000000c695c000}> (0x00000000c695c000) 
thrown [s\src\hotspot\share\prims\jni.cpp, line 516]
Event: 12.136 Thread 0x000001cb04472f20 Exception <a 'sun/nio/fs/WindowsException'{0x00000000c695ca28}> (0x00000000c695ca28) 
thrown [s\src\hotspot\share\prims\jni.cpp, line 516]
Event: 12.136 Thread 0x000001cb04472f20 Exception <a 'sun/nio/fs/WindowsException'{0x00000000c695ce18}> (0x00000000c695ce18) 
thrown [s\src\hotspot\share\prims\jni.cpp, line 516]
Event: 12.192 Thread 0x000001cb7501ba30 Exception <a 'java/lang/NoSuchMethodError'{0x00000000c68128c8}: 'java.lang.Object java.lang.invoke.DirectMethodHandle$Holder.newInvokeSpecial(java.lang.Object, java.lang.Object, int, java.lang.Object, java.lang.Object)'> (0x00000000c68128c8) 
thrown [s\src\hotspot\share\interpreter\linkResolver.cpp, line 759]
Event: 12.195 Thread 0x000001cb7501ba30 Exception <a 'java/lang/NoSuchMethodError'{0x00000000c6824898}: 'java.lang.Object java.lang.invoke.DirectMethodHandle$Holder.invokeSpecial(java.lang.Object, java.lang.Object, int, java.lang.Object, int, java.lang.Object)'> (0x00000000c6824898) 
thrown [s\src\hotspot\share\interpreter\linkResolver.cpp, line 759]
Event: 12.196 Thread 0x000001cb7501ba30 Exception <a 'java/lang/NoSuchMethodError'{0x00000000c682c698}: 'java.lang.Object java.lang.invoke.DirectMethodHandle$Holder.newInvokeSpecial(java.lang.Object, java.lang.Object, int, java.lang.Object, int)'> (0x00000000c682c698) 
thrown [s\src\hotspot\share\interpreter\linkResolver.cpp, line 759]
Event: 12.196 Thread 0x000001cb7501ba30 Exception <a 'java/lang/NoSuchMethodError'{0x00000000c6830798}: 'java.lang.Object java.lang.invoke.DirectMethodHandle$Holder.invokeSpecial(java.lang.Object, java.lang.Object, java.lang.Object, int, java.lang.Object, int)'> (0x00000000c6830798) 
thrown [s\src\hotspot\share\interpreter\linkResolver.cpp, line 759]
Event: 13.529 Thread 0x000001cb06308090 Exception <a 'java/lang/NoSuchMethodError'{0x00000000cd738a38}: 'java.lang.Object java.lang.invoke.DirectMethodHandle$Holder.invokeStatic(java.lang.Object, int, java.lang.Object)'> (0x00000000cd738a38) 
thrown [s\src\hotspot\share\interpreter\linkResolver.cpp, line 759]
Event: 13.933 Thread 0x000001cb028b5540 Exception <a 'java/lang/NoSuchMethodError'{0x00000000cd43ec60}: 'java.lang.Object java.lang.invoke.DirectMethodHandle$Holder.invokeStatic(java.lang.Object, java.lang.Object, java.lang.Object, int, java.lang.Object, java.lang.Object)'> (0x00000000cd43ec60) 
thrown [s\src\hotspot\share\interpreter\linkResolver.cpp, line 759]
Event: 14.782 Thread 0x000001cb0630d730 Exception <a 'java/lang/NoSuchMethodError'{0x00000000cd61c718}: 'int java.lang.invoke.DirectMethodHandle$Holder.invokeStatic(java.lang.Object)'> (0x00000000cd61c718) 
thrown [s\src\hotspot\share\interpreter\linkResolver.cpp, line 759]
Event: 14.783 Thread 0x000001cb0630d730 Exception <a 'java/lang/NoSuchMethodError'{0x00000000cd61fb18}: 'int java.lang.invoke.DirectMethodHandle$Holder.invokeStaticInit(java.lang.Object)'> (0x00000000cd61fb18) 
thrown [s\src\hotspot\share\interpreter\linkResolver.cpp, line 759]

VM Operations (20 events):
Event: 13.028 Executing VM operation: G1CollectForAllocation done
Event: 13.034 Executing VM operation: G1CollectForAllocation
Event: 13.038 Executing VM operation: G1CollectForAllocation done
Event: 14.011 Executing VM operation: HandshakeAllThreads
Event: 14.011 Executing VM operation: HandshakeAllThreads done
Event: 14.657 Executing VM operation: G1CollectForAllocation
Event: 14.658 Executing VM operation: G1CollectForAllocation done
Event: 14.658 Executing VM operation: G1CollectForAllocation
Event: 14.726 Executing VM operation: G1CollectForAllocation done
Event: 14.738 Executing VM operation: HandshakeAllThreads
Event: 14.755 Executing VM operation: HandshakeAllThreads done
Event: 14.756 Executing VM operation: HandshakeAllThreads
Event: 14.764 Executing VM operation: HandshakeAllThreads done
Event: 14.797 Executing VM operation: HandshakeAllThreads
Event: 14.816 Executing VM operation: HandshakeAllThreads done
Event: 14.816 Executing VM operation: G1CollectForAllocation
Event: 14.833 Executing VM operation: G1CollectForAllocation done
Event: 14.877 Executing VM operation: G1CollectForAllocation
Event: 14.878 Executing VM operation: G1CollectForAllocation done
Event: 14.882 Executing VM operation: G1CollectForAllocation

Events (20 events):
Event: 12.978 loading class jdk/internal/reflect/UnsafeBooleanFieldAccessorImpl done
Event: 13.520 Thread 0x000001cb06308090 Thread added: 0x000001cb06308090
Event: 13.527 loading class java/util/concurrent/CompletableFuture$UniHandle
Event: 13.529 loading class java/util/concurrent/CompletableFuture$UniHandle done
Event: 13.530 loading class jdk/internal/reflect/UnsafeIntegerFieldAccessorImpl
Event: 13.536 loading class jdk/internal/reflect/UnsafeIntegerFieldAccessorImpl done
Event: 13.969 loading class java/util/concurrent/locks/ReadWriteLock
Event: 13.969 loading class java/util/concurrent/locks/ReadWriteLock done
Event: 13.978 loading class java/io/PrintWriter
Event: 13.982 loading class java/io/PrintWriter done
Event: 14.001 Thread 0x000001cb0630dc00 Thread added: 0x000001cb0630dc00
Event: 14.008 loading class java/util/concurrent/ConcurrentHashMap$ValueSpliterator
Event: 14.008 loading class java/util/concurrent/ConcurrentHashMap$ValueSpliterator done
Event: 14.106 Thread 0x000001cb0630d730 Thread added: 0x000001cb0630d730
Event: 14.792 loading class java/util/concurrent/atomic/AtomicLongFieldUpdater
Event: 14.793 loading class java/util/concurrent/atomic/AtomicLongFieldUpdater done
Event: 14.793 loading class java/util/concurrent/atomic/AtomicLongFieldUpdater$CASUpdater
Event: 14.793 loading class java/util/concurrent/atomic/AtomicLongFieldUpdater$CASUpdater done
Event: 14.793 loading class java/util/concurrent/atomic/AtomicLongFieldUpdater$CASUpdater$1
Event: 14.793 loading class java/util/concurrent/atomic/AtomicLongFieldUpdater$CASUpdater$1 done


Dynamic libraries:
0x00007ff63ff10000 - 0x00007ff63ff1e000 	c:\Users\57320\.vscode\extensions\redhat.java-1.10.0-win32-x64\jre\17.0.4-win32-x86_64\bin\java.exe
0x00007ffcd0bb0000 - 0x00007ffcd0da8000 	C:\Windows\SYSTEM32\ntdll.dll
0x00007ffccec10000 - 0x00007ffcceccd000 	C:\Windows\System32\KERNEL32.DLL
0x00007ffcce700000 - 0x00007ffcce9ce000 	C:\Windows\System32\KERNELBASE.dll
0x00007ffcce9d0000 - 0x00007ffccead0000 	C:\Windows\System32\ucrtbase.dll
0x00007ffca3c70000 - 0x00007ffca3c88000 	c:\Users\57320\.vscode\extensions\redhat.java-1.10.0-win32-x64\jre\17.0.4-win32-x86_64\bin\jli.dll
0x00007ffccf610000 - 0x00007ffccf7b0000 	C:\Windows\System32\USER32.dll
0x00007ffcce6d0000 - 0x00007ffcce6f2000 	C:\Windows\System32\win32u.dll
0x00007ffccf5b0000 - 0x00007ffccf5da000 	C:\Windows\System32\GDI32.dll
0x00007ffcce430000 - 0x00007ffcce53b000 	C:\Windows\System32\gdi32full.dll
0x00007ffcce340000 - 0x00007ffcce3dd000 	C:\Windows\System32\msvcp_win.dll
0x00007ffca3c50000 - 0x00007ffca3c69000 	c:\Users\57320\.vscode\extensions\redhat.java-1.10.0-win32-x64\jre\17.0.4-win32-x86_64\bin\VCRUNTIME140.dll
0x00007ffcb8720000 - 0x00007ffcb89ba000 	C:\Windows\WinSxS\amd64_microsoft.windows.common-controls_6595b64144ccf1df_6.0.19041.1110_none_60b5254171f9507e\COMCTL32.dll
0x00007ffccfb30000 - 0x00007ffccfbce000 	C:\Windows\System32\msvcrt.dll
0x00007ffccf5e0000 - 0x00007ffccf610000 	C:\Windows\System32\IMM32.DLL
0x00007ffcc7ed0000 - 0x00007ffcc7edc000 	c:\Users\57320\.vscode\extensions\redhat.java-1.10.0-win32-x64\jre\17.0.4-win32-x86_64\bin\vcruntime140_1.dll
0x00007ffc6c100000 - 0x00007ffc6c191000 	c:\Users\57320\.vscode\extensions\redhat.java-1.10.0-win32-x64\jre\17.0.4-win32-x86_64\bin\msvcp140.dll
0x00007ffc3df20000 - 0x00007ffc3eb66000 	c:\Users\57320\.vscode\extensions\redhat.java-1.10.0-win32-x64\jre\17.0.4-win32-x86_64\bin\server\jvm.dll
0x00007ffcd0010000 - 0x00007ffcd00be000 	C:\Windows\System32\ADVAPI32.dll
0x00007ffccfa30000 - 0x00007ffccfacc000 	C:\Windows\System32\sechost.dll
0x00007ffccfee0000 - 0x00007ffcd0005000 	C:\Windows\System32\RPCRT4.dll
0x00007ffccf000000 - 0x00007ffccf008000 	C:\Windows\System32\PSAPI.DLL
0x00007ffcc8e10000 - 0x00007ffcc8e1a000 	C:\Windows\SYSTEM32\VERSION.dll
0x00007ffcc1a20000 - 0x00007ffcc1a47000 	C:\Windows\SYSTEM32\WINMM.dll
0x00007ffcc9000000 - 0x00007ffcc9009000 	C:\Windows\SYSTEM32\WSOCK32.dll
0x00007ffccfcb0000 - 0x00007ffccfd1b000 	C:\Windows\System32\WS2_32.dll
0x00007ffcccb50000 - 0x00007ffcccb62000 	C:\Windows\SYSTEM32\kernel.appcore.dll
0x00007ffcc7960000 - 0x00007ffcc796a000 	c:\Users\57320\.vscode\extensions\redhat.java-1.10.0-win32-x64\jre\17.0.4-win32-x86_64\bin\jimage.dll
0x00007ffccc0c0000 - 0x00007ffccc2a4000 	C:\Windows\SYSTEM32\DBGHELP.DLL
0x00007ffcc6240000 - 0x00007ffcc626c000 	C:\Windows\SYSTEM32\dbgcore.DLL
0x00007ffcceb80000 - 0x00007ffccec02000 	C:\Windows\System32\bcryptPrimitives.dll
0x00007ffca1ca0000 - 0x00007ffca1cc5000 	c:\Users\57320\.vscode\extensions\redhat.java-1.10.0-win32-x64\jre\17.0.4-win32-x86_64\bin\java.dll
0x00007ffca3b30000 - 0x00007ffca3b48000 	c:\Users\57320\.vscode\extensions\redhat.java-1.10.0-win32-x64\jre\17.0.4-win32-x86_64\bin\zip.dll
0x00007ffcd00c0000 - 0x00007ffcd0803000 	C:\Windows\System32\SHELL32.dll
0x00007ffccc2b0000 - 0x00007ffccca45000 	C:\Windows\SYSTEM32\windows.storage.dll
0x00007ffcd0810000 - 0x00007ffcd0b64000 	C:\Windows\System32\combase.dll
0x00007ffccdc60000 - 0x00007ffccdc90000 	C:\Windows\SYSTEM32\Wldp.dll
0x00007ffccee60000 - 0x00007ffccef0d000 	C:\Windows\System32\SHCORE.dll
0x00007ffccf9d0000 - 0x00007ffccfa25000 	C:\Windows\System32\shlwapi.dll
0x00007ffcce210000 - 0x00007ffcce22f000 	C:\Windows\SYSTEM32\profapi.dll
0x00007ffca3200000 - 0x00007ffca3219000 	C:\Users\57320\.vscode\extensions\redhat.java-1.10.0-win32-x64\jre\17.0.4-win32-x86_64\bin\net.dll
0x00007ffcc4650000 - 0x00007ffcc475a000 	C:\Windows\SYSTEM32\WINHTTP.dll
0x00007ffccd9c0000 - 0x00007ffccda2a000 	C:\Windows\system32\mswsock.dll
0x00007ffc9f650000 - 0x00007ffc9f665000 	C:\Users\57320\.vscode\extensions\redhat.java-1.10.0-win32-x64\jre\17.0.4-win32-x86_64\bin\nio.dll
0x00007ffcaffc0000 - 0x00007ffcaffd0000 	c:\Users\57320\.vscode\extensions\redhat.java-1.10.0-win32-x64\jre\17.0.4-win32-x86_64\bin\verify.dll
0x00007ffcbf210000 - 0x00007ffcbf219000 	C:\Users\57320\.vscode\extensions\redhat.java-1.10.0-win32-x64\jre\17.0.4-win32-x86_64\bin\management.dll
0x00007ffcbf200000 - 0x00007ffcbf20b000 	C:\Users\57320\.vscode\extensions\redhat.java-1.10.0-win32-x64\jre\17.0.4-win32-x86_64\bin\management_ext.dll
0x00007ffcb5c90000 - 0x00007ffcb5ca7000 	C:\Windows\system32\napinsp.dll
0x00007ffcb5c70000 - 0x00007ffcb5c8b000 	C:\Windows\system32\pnrpnsp.dll
0x00007ffcc9360000 - 0x00007ffcc9375000 	C:\Windows\system32\wshbth.dll
0x00007ffcc78c0000 - 0x00007ffcc78dd000 	C:\Windows\system32\NLAapi.dll
0x00007ffccd6b0000 - 0x00007ffccd6eb000 	C:\Windows\SYSTEM32\IPHLPAPI.DLL
0x00007ffccd6f0000 - 0x00007ffccd7ba000 	C:\Windows\SYSTEM32\DNSAPI.dll
0x00007ffccfd20000 - 0x00007ffccfd28000 	C:\Windows\System32\NSI.dll
0x00007ffcb5c50000 - 0x00007ffcb5c62000 	C:\Windows\System32\winrnr.dll
0x00007ffcc43f0000 - 0x00007ffcc43fa000 	C:\Windows\System32\rasadhlp.dll
0x00007ffcc3e50000 - 0x00007ffcc3ed0000 	C:\Windows\System32\fwpuclnt.dll
0x00007ffcce6a0000 - 0x00007ffcce6c7000 	C:\Windows\System32\bcrypt.dll
0x00007ffccdbc0000 - 0x00007ffccdbd8000 	C:\Windows\SYSTEM32\CRYPTSP.dll
0x00007ffccd340000 - 0x00007ffccd374000 	C:\Windows\system32\rsaenh.dll
0x00007ffcce190000 - 0x00007ffcce1be000 	C:\Windows\SYSTEM32\USERENV.dll
0x00007ffccdbb0000 - 0x00007ffccdbbc000 	C:\Windows\SYSTEM32\CRYPTBASE.dll
0x00007ffcc6f90000 - 0x00007ffcc6fa7000 	C:\Windows\SYSTEM32\dhcpcsvc6.DLL
0x00007ffcc6f70000 - 0x00007ffcc6f8d000 	C:\Windows\SYSTEM32\dhcpcsvc.DLL

dbghelp: loaded successfully - version: 4.0.5 - missing functions: none
symbol engine: initialized successfully - sym options: 0x614 - pdb path: .;c:\Users\57320\.vscode\extensions\redhat.java-1.10.0-win32-x64\jre\17.0.4-win32-x86_64\bin;C:\Windows\SYSTEM32;C:\Windows\WinSxS\amd64_microsoft.windows.common-controls_6595b64144ccf1df_6.0.19041.1110_none_60b5254171f9507e;c:\Users\57320\.vscode\extensions\redhat.java-1.10.0-win32-x64\jre\17.0.4-win32-x86_64\bin\server

VM Arguments:
jvm_args: -Dsts.lsp.client=vscode -Dsts.log.file=/dev/null -XX:TieredStopAtLevel=1 -Xlog:jni+resolve=off -Dspring.config.location=file:c:\Users\57320\.vscode\extensions\pivotal.vscode-spring-boot-1.39.0\language-server\BOOT-INF\classes\application.properties 
java_command: org.springframework.ide.vscode.boot.app.BootLanguageServerBootApp
java_class_path (initial): c:\Users\57320\.vscode\extensions\pivotal.vscode-spring-boot-1.39.0\language-server\BOOT-INF\classes;c:\Users\57320\.vscode\extensions\pivotal.vscode-spring-boot-1.39.0\language-server\BOOT-INF\lib\annotations-23.0.0.jar;c:\Users\57320\.vscode\extensions\pivotal.vscode-spring-boot-1.39.0\language-server\BOOT-INF\lib\antlr-runtime-3.5.2.jar;c:\Users\57320\.vscode\extensions\pivotal.vscode-spring-boot-1.39.0\language-server\BOOT-INF\lib\antlr4-4.9.3.jar;c:\Users\57320\.vscode\extensions\pivotal.vscode-spring-boot-1.39.0\language-server\BOOT-INF\lib\antlr4-runtime-4.9.3.jar;c:\Users\57320\.vscode\extensions\pivotal.vscode-spring-boot-1.39.0\language-server\BOOT-INF\lib\asm-9.3.jar;c:\Users\57320\.vscode\extensions\pivotal.vscode-spring-boot-1.39.0\language-server\BOOT-INF\lib\asm-analysis-9.3.jar;c:\Users\57320\.vscode\extensions\pivotal.vscode-spring-boot-1.39.0\language-server\BOOT-INF\lib\asm-tree-9.3.jar;c:\Users\57320\.vscode\extensions\pivotal.vscode-spring-boot-1.39.0\language-server\BOOT-INF\lib\asm-util-9.3.jar;c:\Users\57320\.vscode\extensions\pivotal.vscode-spring-boot-1.39.0\language-server\BOOT-INF\lib\byte-buddy-1.12.13.jar;c:\Users\57320\.vscode\extensions\pivotal.vscode-spring-boot-1.39.0\language-server\BOOT-INF\lib\caffeine-2.9.3.jar;c:\Users\57320\.vscode\extensions\pivotal.vscode-spring-boot-1.39.0\language-server\BOOT-INF\lib\checker-qual-3.12.0.jar;c:\Users\57320\.vscode\extensions\pivotal.vscode-spring-boot-1.39.0\language-server\BOOT-INF\lib\classgraph-4.8.149.jar;c:\Users\57320\.vscode\extensions\pivotal.vscode-spring-boot-1.39.0\language-server\BOOT-INF\lib\commons-codec-1.15.jar;c:\Users\57320\.vscode\extensions\pivotal.vscode-spring-boot-1.39.0\language-server\BOOT-INF\lib\commons-compress-1.21.jar;c:\Users\57320\.vscode\extensions\pivotal.vscode-spring-boot-1.39.0\language-server\BOOT-INF\lib\commons-exec-1.3.jar;c:\Users\57320\.vscode\extensions\pivotal.vscode-spring-boot-1.39.0\language-server\BOOT-INF\lib\com
Launcher Type: SUN_STANDARD

[Global flags]
     intx CICompilerCount                          = 4                                         {product} {ergonomic}
     uint ConcGCThreads                            = 2                                         {product} {ergonomic}
     uint G1ConcRefinementThreads                  = 8                                         {product} {ergonomic}
   size_t G1HeapRegionSize                         = 1048576                                   {product} {ergonomic}
    uintx GCDrainStackTargetSize                   = 64                                        {product} {ergonomic}
   size_t InitialHeapSize                          = 62914560                                  {product} {ergonomic}
   size_t MarkStackSize                            = 4194304                                   {product} {ergonomic}
   size_t MaxHeapSize                              = 1006632960                                {product} {ergonomic}
   size_t MaxNewSize                               = 603979776                                 {product} {ergonomic}
   size_t MinHeapDeltaBytes                        = 1048576                                   {product} {ergonomic}
   size_t MinHeapSize                              = 8388608                                   {product} {ergonomic}
    uintx NonProfiledCodeHeapSize                  = 0                                      {pd product} {ergonomic}
     bool ProfileInterpreter                       = false                                  {pd product} {command line}
    uintx ProfiledCodeHeapSize                     = 0                                      {pd product} {ergonomic}
   size_t SoftMaxHeapSize                          = 1006632960                             {manageable} {ergonomic}
     intx TieredStopAtLevel                        = 1                                         {product} {command line}
     bool UseCompressedClassPointers               = true                           {product lp64_product} {ergonomic}
     bool UseCompressedOops                        = true                           {product lp64_product} {ergonomic}
     bool UseG1GC                                  = true                                      {product} {ergonomic}
     bool UseLargePagesIndividualAllocation        = false                                  {pd product} {ergonomic}

Logging:
Log output configuration:
 #0: stdout all=warning,jni+resolve=off uptime,level,tags
 #1: stderr all=off uptime,level,tags

Environment Variables:
JAVA_HOME=C:\Program Files\Java\jdk-18.0.1.1
PATH=C:\Program Files\Common Files\Oracle\Java\javapath;C:\Program Files (x86)\Common Files\Oracle\Java\javapath;C:\Program Files (x86)\Embarcadero\Studio\17.0\bin;C:\Users\Public\Documents\Embarcadero\Studio\17.0\Bpl;C:\Program Files (x86)\Embarcadero\Studio\17.0\bin64;C:\Users\Public\Documents\Embarcadero\Studio\17.0\Bpl\Win64;C:\Program Files (x86)\CollabNet;C:\Program Files (x86)\Embarcadero\Studio\14.0\bin;C:\Users\Public\Documents\Embarcadero\Studio\14.0\Bpl;C:\Program Files (x86)\Embarcadero\Studio\14.0\bin64;C:\Users\Public\Documents\Embarcadero\Studio\14.0\Bpl\Win64;C:\Windows\system32;C:\Windows;C:\Windows\System32\Wbem;C:\Windows\System32\WindowsPowerShell\v1.0\;C:\Windows\System32\OpenSSH\;C:\ProgramData\Anaconda3;C:\Program Files\MongoDB\Server\5.0\bin;C:\Program Files\Git\cmd;C:\Program Files\Git\mingw64\bin;C:\Program Files\Git\usr\bin;C:\Program Files\nodejs\;C:\Users\57320\AppData\Local\Microsoft\WindowsApps;C:\Users\57320\AppData\Local\Programs\Microsoft VS Code\bin;C:\Users\57320\AppData\Local\GitHubDesktop\bin;C:\Users\57320\AppData\Roaming\npm
USERNAME=57320
OS=Windows_NT
PROCESSOR_IDENTIFIER=Intel64 Family 6 Model 126 Stepping 5, GenuineIntel
TMP=C:\Users\57320\AppData\Local\Temp
TEMP=C:\Users\57320\AppData\Local\Temp



---------------  S Y S T E M  ---------------

OS:
 Windows 10 , 64 bit Build 19041 (10.0.19041.1889)
OS uptime: 10 days 21:33 hours

CPU: total 8 (initial active 8) (4 cores per cpu, 2 threads per core) family 6 model 126 stepping 5 microcode 0x78, cx8, cmov, fxsr, ht, mmx, 3dnowpref, sse, sse2, sse3, ssse3, sse4.1, sse4.2, popcnt, lzcnt, tsc, tscinvbit, avx, avx2, aes, erms, clmul, bmi1, bmi2, adx, avx512f, avx512dq, avx512cd, avx512bw, avx512vl, sha, fma, vzeroupper, avx512_vpopcntdq, avx512_vpclmulqdq, avx512_vaes, avx512_vnni, clflush, clflushopt, avx512_vbmi2, avx512_vbmi

Memory: 4k page, system-wide physical 3838M (62M free)
TotalPageFile size 15609M (AvailPageFile size 224M)
current process WorkingSet (physical memory assigned to process): 190M, peak: 192M
current process commit charge ("private bytes"): 309M, peak: 516M

vm_info: OpenJDK 64-Bit Server VM (17.0.4+8) for windows-amd64 JRE (17.0.4+8), built on Jul 19 2022 16:05:16 by "temurin" with MS VC++ 16.7 (VS2019)

END.
